<?xml version="1.0" encoding="UTF-8"?>
<!-- Generated by org.testng.reporters.JUnitReportReporter -->
<testsuite skipped="0" hostname="DESKTOP-KCF9LK9" name="networkCalls.developerTools" tests="3" failures="0" timestamp="06 Jun 2020 08:42:49 GMT" time="22.764" errors="0">
  <testcase name="geoLocation" time="6.964" classname="networkCalls.developerTools"/>
  <testcase name="enableNetworkOnline" time="6.779" classname="networkCalls.developerTools"/>
  <testcase name="geoNetworkCalls" time="9.021" classname="networkCalls.developerTools"/>
</testsuite> <!-- networkCalls.developerTools -->
